# JRE version: Java(TM) SE Runtime Environment (8.0_91-b14) (build 1.8.0_91-b14)
# Java VM: Java HotSpot(TM) 64-Bit Server VM (25.91-b14 mixed mode windows-amd64 compressed oops)
Heap:
 PSYoungGen      total 476672K, used 460255K [0x00000000e0000000, 0x00000000fff80000, 0x0000000100000000)
  eden space 434176K, 100% used [0x00000000e0000000,0x00000000fa800000,0x00000000fa800000)
  from space 42496K, 61% used [0x00000000fa800000,0x00000000fc177ec8,0x00000000fd180000)
  to   space 42496K, 87% used [0x00000000fd600000,0x00000000ffa50b60,0x00000000fff80000)
 ParOldGen       total 1048576K, used 112941K [0x00000000a0000000, 0x00000000e0000000, 0x00000000e0000000)
  object space 1048576K, 10% used [0x00000000a0000000,0x00000000a6e4b5e8,0x00000000e0000000)
 Metaspace       used 175873K, capacity 180684K, committed 180904K, reserved 1208320K
  class space    used 22022K, capacity 22929K, committed 22960K, reserved 1048576K
GC Heap History (10 events):
Event: 198.050 GC heap after
Heap after GC invocations=30 (full 5):
 PSYoungGen      total 476672K, used 0K [0x00000000e0000000, 0x0000000100000000, 0x0000000100000000)
  eden space 437760K, 0% used [0x00000000e0000000,0x00000000e0000000,0x00000000fab80000)
  from space 38912K, 0% used [0x00000000fab80000,0x00000000fab80000,0x00000000fd180000)
  to   space 46080K, 0% used [0x00000000fd300000,0x00000000fd300000,0x0000000100000000)
 ParOldGen       total 407040K, used 112885K [0x00000000a0000000, 0x00000000b8d80000, 0x00000000e0000000)
  object space 407040K, 27% used [0x00000000a0000000,0x00000000a6e3d5e8,0x00000000b8d80000)
 Metaspace       used 159514K, capacity 164014K, committed 164336K, reserved 1191936K
  class space    used 20316K, capacity 21162K, committed 21168K, reserved 1048576K
}
Event: 198.553 GC heap before
{Heap before GC invocations=31 (full 5):
 PSYoungGen      total 476672K, used 422430K [0x00000000e0000000, 0x0000000100000000, 0x0000000100000000)
  eden space 437760K, 96% used [0x00000000e0000000,0x00000000f9c87ab0,0x00000000fab80000)
  from space 38912K, 0% used [0x00000000fab80000,0x00000000fab80000,0x00000000fd180000)
  to   space 46080K, 0% used [0x00000000fd300000,0x00000000fd300000,0x0000000100000000)
 ParOldGen       total 407040K, used 112885K [0x00000000a0000000, 0x00000000b8d80000, 0x00000000e0000000)
  object space 407040K, 27% used [0x00000000a0000000,0x00000000a6e3d5e8,0x00000000b8d80000)
 Metaspace       used 162743K, capacity 167382K, committed 167848K, reserved 1196032K
  class space    used 20722K, capacity 21594K, committed 21680K, reserved 1048576K
Event: 198.563 GC heap after
Heap after GC invocations=31 (full 5):
 PSYoungGen      total 479744K, used 15769K [0x00000000e0000000, 0x0000000100000000, 0x0000000100000000)
  eden space 433664K, 0% used [0x00000000e0000000,0x00000000e0000000,0x00000000fa780000)
  from space 46080K, 34% used [0x00000000fd300000,0x00000000fe266650,0x0000000100000000)
  to   space 44544K, 0% used [0x00000000fa780000,0x00000000fa780000,0x00000000fd300000)
 ParOldGen       total 407040K, used 112893K [0x00000000a0000000, 0x00000000b8d80000, 0x00000000e0000000)
  object space 407040K, 27% used [0x00000000a0000000,0x00000000a6e3f5e8,0x00000000b8d80000)
 Metaspace       used 162743K, capacity 167382K, committed 167848K, reserved 1196032K
  class space    used 20722K, capacity 21594K, committed 21680K, reserved 1048576K
}
Event: 202.525 GC heap before
{Heap before GC invocations=32 (full 5):
 PSYoungGen      total 479744K, used 449433K [0x00000000e0000000, 0x0000000100000000, 0x0000000100000000)
  eden space 433664K, 100% used [0x00000000e0000000,0x00000000fa780000,0x00000000fa780000)
  from space 46080K, 34% used [0x00000000fd300000,0x00000000fe266650,0x0000000100000000)
  to   space 44544K, 0% used [0x00000000fa780000,0x00000000fa780000,0x00000000fd300000)
 ParOldGen       total 407040K, used 112893K [0x00000000a0000000, 0x00000000b8d80000, 0x00000000e0000000)
  object space 407040K, 27% used [0x00000000a0000000,0x00000000a6e3f5e8,0x00000000b8d80000)
 Metaspace       used 169960K, capacity 174656K, committed 174888K, reserved 1202176K
  class space    used 21388K, capacity 22271K, committed 22320K, reserved 1048576K
Event: 202.540 GC heap after
Heap after GC invocations=32 (full 5):
 PSYoungGen      total 451584K, used 17601K [0x00000000e0000000, 0x00000000ffb80000, 0x0000000100000000)
  eden space 433664K, 0% used [0x00000000e0000000,0x00000000e0000000,0x00000000fa780000)
  from space 17920K, 98% used [0x00000000fa780000,0x00000000fb8b0770,0x00000000fb900000)
  to   space 43008K, 0% used [0x00000000fd180000,0x00000000fd180000,0x00000000ffb80000)
 ParOldGen       total 407040K, used 112901K [0x00000000a0000000, 0x00000000b8d80000, 0x00000000e0000000)
  object space 407040K, 27% used [0x00000000a0000000,0x00000000a6e415e8,0x00000000b8d80000)
 Metaspace       used 169960K, capacity 174656K, committed 174888K, reserved 1202176K
  class space    used 21388K, capacity 22271K, committed 22320K, reserved 1048576K
}
Event: 205.787 GC heap before
{Heap before GC invocations=33 (full 5):
 PSYoungGen      total 451584K, used 451265K [0x00000000e0000000, 0x00000000ffb80000, 0x0000000100000000)
  eden space 433664K, 100% used [0x00000000e0000000,0x00000000fa780000,0x00000000fa780000)
  from space 17920K, 98% used [0x00000000fa780000,0x00000000fb8b0770,0x00000000fb900000)
  to   space 43008K, 0% used [0x00000000fd180000,0x00000000fd180000,0x00000000ffb80000)
 ParOldGen       total 407040K, used 112901K [0x00000000a0000000, 0x00000000b8d80000, 0x00000000e0000000)
  object space 407040K, 27% used [0x00000000a0000000,0x00000000a6e415e8,0x00000000b8d80000)
 Metaspace       used 172686K, capacity 177356K, committed 177832K, reserved 1204224K
  class space    used 21737K, capacity 22593K, committed 22704K, reserved 1048576K
Event: 205.810 GC heap after
Heap after GC invocations=33 (full 5):
 PSYoungGen      total 477184K, used 26162K [0x00000000e0000000, 0x0000000100000000, 0x0000000100000000)
  eden space 434176K, 0% used [0x00000000e0000000,0x00000000e0000000,0x00000000fa800000)
  from space 43008K, 60% used [0x00000000fd180000,0x00000000feb0c928,0x00000000ffb80000)
  to   space 42496K, 0% used [0x00000000fa800000,0x00000000fa800000,0x00000000fd180000)
 ParOldGen       total 407040K, used 112909K [0x00000000a0000000, 0x00000000b8d80000, 0x00000000e0000000)
  object space 407040K, 27% used [0x00000000a0000000,0x00000000a6e435e8,0x00000000b8d80000)
 Metaspace       used 172686K, capacity 177356K, committed 177832K, reserved 1204224K
  class space    used 21737K, capacity 22593K, committed 22704K, reserved 1048576K
}
Event: 208.308 GC heap before
{Heap before GC invocations=34 (full 5):
 PSYoungGen      total 477184K, used 460338K [0x00000000e0000000, 0x0000000100000000, 0x0000000100000000)
  eden space 434176K, 100% used [0x00000000e0000000,0x00000000fa800000,0x00000000fa800000)
  from space 43008K, 60% used [0x00000000fd180000,0x00000000feb0c928,0x00000000ffb80000)
  to   space 42496K, 0% used [0x00000000fa800000,0x00000000fa800000,0x00000000fd180000)
 ParOldGen       total 407040K, used 112909K [0x00000000a0000000, 0x00000000b8d80000, 0x00000000e0000000)
  object space 407040K, 27% used [0x00000000a0000000,0x00000000a6e435e8,0x00000000b8d80000)
 Metaspace       used 173088K, capacity 177804K, committed 178088K, reserved 1204224K
  class space    used 21779K, capacity 22657K, committed 22704K, reserved 1048576K
Event: 208.354 GC heap after
Heap after GC invocations=34 (full 5):
 PSYoungGen      total 476672K, used 26079K [0x00000000e0000000, 0x00000000fff80000, 0x0000000100000000)
  eden space 434176K, 0% used [0x00000000e0000000,0x00000000e0000000,0x00000000fa800000)
  from space 42496K, 61% used [0x00000000fa800000,0x00000000fc177ec8,0x00000000fd180000)
  to   space 42496K, 0% used [0x00000000fd600000,0x00000000fd600000,0x00000000fff80000)
 ParOldGen       total 407040K, used 112917K [0x00000000a0000000, 0x00000000b8d80000, 0x00000000e0000000)
  object space 407040K, 27% used [0x00000000a0000000,0x00000000a6e455e8,0x00000000b8d80000)
 Metaspace       used 173088K, capacity 177804K, committed 178088K, reserved 1204224K
  class space    used 21779K, capacity 22657K, committed 22704K, reserved 1048576K
}
Event: 210.981 GC heap before
{Heap before GC invocations=35 (full 5):
 PSYoungGen      total 476672K, used 460255K [0x00000000e0000000, 0x00000000fff80000, 0x0000000100000000)
  eden space 434176K, 100% used [0x00000000e0000000,0x00000000fa800000,0x00000000fa800000)
  from space 42496K, 61% used [0x00000000fa800000,0x00000000fc177ec8,0x00000000fd180000)
  to   space 42496K, 0% used [0x00000000fd600000,0x00000000fd600000,0x00000000fff80000)
 ParOldGen       total 407040K, used 112917K [0x00000000a0000000, 0x00000000b8d80000, 0x00000000e0000000)
  object space 407040K, 27% used [0x00000000a0000000,0x00000000a6e455e8,0x00000000b8d80000)
 Metaspace       used 175873K, capacity 180684K, committed 180904K, reserved 1208320K
  class space    used 22022K, capacity 22929K, committed 22960K, reserved 1048576K

